2025-11-30 23:05:27,351 - INFO - 初始化网格轨迹分析器...
2025-11-30 23:05:27,355 - INFO - 使用8个工作线程执行分析
2025-11-30 23:05:27,355 - INFO - 开始加载数据...
2025-11-30 23:05:27,551 - INFO - 成功加载渔网数据，包含 3150 个网格
2025-11-30 23:05:27,552 - WARNING - 渔网数据中未找到'id'列，将创建默认ID
2025-11-30 23:05:27,555 - INFO - 创建网格空间索引...
2025-11-30 23:05:27,557 - INFO - 网格空间索引创建完成
2025-11-30 23:05:28,038 - INFO - 成功加载早高峰订单数据，包含 79522 条记录
2025-11-30 23:05:28,574 - INFO - 成功加载晚高峰订单数据，包含 83973 条记录
2025-11-30 23:05:28,575 - INFO - 数据加载完成
2025-11-30 23:05:28,575 - INFO - 开始坐标转换...
2025-11-30 23:05:30,045 - ERROR - 分析过程中出错: can only concatenate str (not "float") to str
2025-11-30 23:06:06,293 - INFO - 初始化网格轨迹分析器...
2025-11-30 23:06:06,296 - INFO - 使用8个工作线程执行分析
2025-11-30 23:06:06,297 - INFO - 开始加载数据...
2025-11-30 23:06:06,486 - INFO - 成功加载渔网数据，包含 3150 个网格
2025-11-30 23:06:06,487 - WARNING - 渔网数据中未找到'id'列，将创建默认ID
2025-11-30 23:06:06,490 - INFO - 创建网格空间索引...
2025-11-30 23:06:06,492 - INFO - 网格空间索引创建完成
2025-11-30 23:06:07,015 - INFO - 成功加载早高峰订单数据，包含 79522 条记录
2025-11-30 23:06:07,549 - INFO - 成功加载晚高峰订单数据，包含 83973 条记录
2025-11-30 23:06:07,550 - INFO - 数据加载完成
2025-11-30 23:06:07,550 - INFO - 开始坐标转换...
2025-11-30 23:06:07,568 - INFO - 直接使用订单数据中的投影坐标
2025-11-30 23:06:07,569 - INFO - 坐标转换完成
2025-11-30 23:06:07,569 - INFO - ===== 开始分析早高峰数据 =====
2025-11-30 23:06:07,569 - INFO - 开始并行处理 79522 条订单，使用8个进程...
2025-11-30 23:06:07,569 - INFO - 数据分割完成，共161个批次，每批次约497个订单
2025-11-30 23:06:13,544 - INFO - 进度: 3976/79522 (5.0%), 已耗时: 5.97秒, 预计剩余: 113.52秒
2025-11-30 23:06:17,816 - INFO - 进度: 7952/79522 (10.0%), 已耗时: 10.25秒, 预计剩余: 92.22秒
2025-11-30 23:06:22,775 - INFO - 进度: 11928/79522 (15.0%), 已耗时: 15.21秒, 预计剩余: 86.17秒
2025-11-30 23:06:26,623 - INFO - 进度: 15904/79522 (20.0%), 已耗时: 19.05秒, 预计剩余: 76.22秒
2025-11-30 23:06:30,988 - INFO - 进度: 19880/79522 (25.0%), 已耗时: 23.42秒, 预计剩余: 70.26秒
2025-11-30 23:06:35,555 - INFO - 进度: 23856/79522 (30.0%), 已耗时: 27.99秒, 预计剩余: 65.30秒
2025-11-30 23:06:40,032 - INFO - 进度: 27832/79522 (35.0%), 已耗时: 32.46秒, 预计剩余: 60.29秒
2025-11-30 23:06:44,949 - INFO - 进度: 31808/79522 (40.0%), 已耗时: 37.38秒, 预计剩余: 56.07秒
2025-11-30 23:06:49,283 - INFO - 进度: 35784/79522 (45.0%), 已耗时: 41.71秒, 预计剩余: 50.99秒
2025-11-30 23:07:39,541 - INFO - 初始化网格轨迹分析器...
2025-11-30 23:07:39,545 - INFO - 使用8个工作线程执行分析
2025-11-30 23:07:39,546 - INFO - 开始加载数据...
2025-11-30 23:07:39,754 - INFO - 成功加载渔网数据，包含 3150 个网格
2025-11-30 23:07:39,754 - WARNING - 渔网数据中未找到'id'列，将创建默认ID
2025-11-30 23:07:39,758 - INFO - 创建网格空间索引...
2025-11-30 23:07:39,760 - INFO - 网格空间索引创建完成
2025-11-30 23:07:40,254 - INFO - 成功加载早高峰订单数据，包含 79522 条记录
2025-11-30 23:07:40,884 - INFO - 成功加载晚高峰订单数据，包含 83973 条记录
2025-11-30 23:07:40,884 - INFO - 数据加载完成
2025-11-30 23:07:40,884 - INFO - 开始坐标转换...
2025-11-30 23:07:40,902 - INFO - 直接使用订单数据中的投影坐标
2025-11-30 23:07:40,902 - INFO - 坐标转换完成
2025-11-30 23:07:40,903 - INFO - ===== 开始分析早高峰数据 =====
2025-11-30 23:07:40,903 - INFO - 开始并行处理 79522 条订单，使用8个进程...
2025-11-30 23:07:40,903 - INFO - 数据分割完成，共161个批次，每批次约497个订单
2025-11-30 23:07:46,441 - INFO - 进度: 3976/79522 (5.0%), 已耗时: 5.54秒, 预计剩余: 105.22秒
2025-11-30 23:07:50,635 - INFO - 进度: 7952/79522 (10.0%), 已耗时: 9.73秒, 预计剩余: 87.59秒
2025-11-30 23:07:54,847 - INFO - 进度: 11928/79522 (15.0%), 已耗时: 13.94秒, 预计剩余: 79.02秒
2025-11-30 23:07:59,109 - INFO - 进度: 15904/79522 (20.0%), 已耗时: 18.21秒, 预计剩余: 72.82秒
2025-11-30 23:08:03,400 - INFO - 进度: 19880/79522 (25.0%), 已耗时: 22.50秒, 预计剩余: 67.49秒
2025-11-30 23:08:07,767 - INFO - 进度: 23856/79522 (30.0%), 已耗时: 26.86秒, 预计剩余: 62.68秒
2025-11-30 23:08:12,292 - INFO - 进度: 27832/79522 (35.0%), 已耗时: 31.39秒, 预计剩余: 58.30秒
2025-11-30 23:08:17,153 - INFO - 进度: 31808/79522 (40.0%), 已耗时: 36.25秒, 预计剩余: 54.38秒
2025-11-30 23:08:21,016 - INFO - 进度: 35784/79522 (45.0%), 已耗时: 40.11秒, 预计剩余: 49.03秒
2025-11-30 23:08:25,363 - INFO - 进度: 39760/79522 (50.0%), 已耗时: 44.46秒, 预计剩余: 44.46秒
2025-11-30 23:08:30,247 - INFO - 进度: 43736/79522 (55.0%), 已耗时: 49.34秒, 预计剩余: 40.37秒
2025-11-30 23:08:34,016 - INFO - 进度: 47712/79522 (60.0%), 已耗时: 53.11秒, 预计剩余: 35.41秒
2025-11-30 23:08:38,926 - INFO - 进度: 51688/79522 (65.0%), 已耗时: 58.02秒, 预计剩余: 31.25秒
2025-11-30 23:08:42,954 - INFO - 进度: 55664/79522 (70.0%), 已耗时: 62.05秒, 预计剩余: 26.60秒
2025-11-30 23:08:47,294 - INFO - 进度: 59640/79522 (75.0%), 已耗时: 66.39秒, 预计剩余: 22.13秒
2025-11-30 23:08:51,659 - INFO - 进度: 63616/79522 (80.0%), 已耗时: 70.76秒, 预计剩余: 17.69秒
2025-11-30 23:08:55,845 - INFO - 进度: 67592/79522 (85.0%), 已耗时: 74.94秒, 预计剩余: 13.23秒
2025-11-30 23:09:00,113 - INFO - 进度: 71568/79522 (90.0%), 已耗时: 79.21秒, 预计剩余: 8.80秒
2025-11-30 23:09:04,643 - INFO - 进度: 75544/79522 (95.0%), 已耗时: 83.74秒, 预计剩余: 4.41秒
2025-11-30 23:09:08,844 - INFO - 进度: 79522/79522 (100.0%), 已耗时: 87.94秒, 预计剩余: 0.00秒
2025-11-30 23:09:09,301 - INFO - 进度: 79520/79522 (100.0%), 已耗时: 88.40秒, 预计剩余: 0.00秒
2025-11-30 23:09:09,532 - INFO - 订单处理完成，耗时88.63秒
2025-11-30 23:09:09,533 - INFO - 处理订单数: 79522, 错误数: 0
2025-11-30 23:09:09,533 - INFO - 轨迹段总数: 332547, 总里程: 101258376.04米
2025-11-30 23:09:09,545 - INFO - 开始保存早高峰结果...
2025-11-30 23:09:09,558 - INFO - CSV结果已保存到: D:\Desktop\项目论文\网格轨迹段汇总\早高峰_grid_trajectory_stats.csv
2025-11-30 23:09:09,683 - INFO - Created 3,150 records
2025-11-30 23:09:09,713 - INFO - Shapefile结果已保存到: D:\Desktop\项目论文\网格轨迹段汇总\早高峰_grid_trajectory_stats.shp
2025-11-30 23:09:09,992 - INFO - Created 3,150 records
2025-11-30 23:09:09,993 - INFO - GeoJSON结果已保存到: D:\Desktop\项目论文\网格轨迹段汇总\早高峰_grid_trajectory_stats.geojson
2025-11-30 23:09:09,993 - INFO - 早高峰数据分析耗时: 89.09 秒
2025-11-30 23:09:09,993 - INFO - ===== 开始分析晚高峰数据 =====
2025-11-30 23:09:09,994 - INFO - 开始并行处理 83973 条订单，使用8个进程...
2025-11-30 23:09:09,994 - INFO - 数据分割完成，共161个批次，每批次约524个订单
2025-11-30 23:09:15,776 - INFO - 进度: 4192/83973 (5.0%), 已耗时: 5.78秒, 预计剩余: 110.05秒
2025-11-30 23:09:20,225 - INFO - 进度: 8384/83973 (10.0%), 已耗时: 10.23秒, 预计剩余: 92.24秒
2025-11-30 23:09:25,142 - INFO - 进度: 12576/83973 (15.0%), 已耗时: 15.15秒, 预计剩余: 86.00秒
2025-11-30 23:09:28,898 - INFO - 进度: 16768/83973 (20.0%), 已耗时: 18.90秒, 预计剩余: 75.77秒
2025-11-30 23:09:33,587 - INFO - 进度: 20960/83973 (25.0%), 已耗时: 23.59秒, 预计剩余: 70.93秒
2025-11-30 23:09:37,445 - INFO - 进度: 25152/83973 (30.0%), 已耗时: 27.45秒, 预计剩余: 64.20秒
2025-11-30 23:09:42,325 - INFO - 进度: 29344/83973 (34.9%), 已耗时: 32.33秒, 预计剩余: 60.19秒
2025-11-30 23:09:46,108 - INFO - 进度: 33536/83973 (39.9%), 已耗时: 36.11秒, 预计剩余: 54.31秒
2025-11-30 23:09:50,993 - INFO - 进度: 37728/83973 (44.9%), 已耗时: 41.00秒, 预计剩余: 50.25秒
2025-11-30 23:09:54,724 - INFO - 进度: 41920/83973 (49.9%), 已耗时: 44.73秒, 预计剩余: 44.87秒
2025-11-30 23:09:59,661 - INFO - 进度: 46112/83973 (54.9%), 已耗时: 49.67秒, 预计剩余: 40.78秒
2025-11-30 23:10:03,491 - INFO - 进度: 50304/83973 (59.9%), 已耗时: 53.50秒, 预计剩余: 35.81秒
2025-11-30 23:10:07,808 - INFO - 进度: 54496/83973 (64.9%), 已耗时: 57.81秒, 预计剩余: 31.27秒
2025-11-30 23:10:12,700 - INFO - 进度: 58688/83973 (69.9%), 已耗时: 62.71秒, 预计剩余: 27.02秒
2025-11-30 23:10:16,512 - INFO - 进度: 62880/83973 (74.9%), 已耗时: 66.52秒, 预计剩余: 22.31秒
2025-11-30 23:10:20,806 - INFO - 进度: 67072/83973 (79.9%), 已耗时: 70.81秒, 预计剩余: 17.84秒
2025-11-30 23:10:25,139 - INFO - 进度: 71264/83973 (84.9%), 已耗时: 75.14秒, 预计剩余: 13.40秒
2025-11-30 23:10:29,462 - INFO - 进度: 75456/83973 (89.9%), 已耗时: 79.47秒, 预计剩余: 8.97秒
2025-11-30 23:10:34,414 - INFO - 进度: 79648/83973 (94.8%), 已耗时: 84.42秒, 预计剩余: 4.58秒
2025-11-30 23:10:38,147 - INFO - 进度: 83973/83973 (100.0%), 已耗时: 88.15秒, 预计剩余: 0.00秒
2025-11-30 23:10:38,512 - INFO - 进度: 83840/83973 (99.8%), 已耗时: 88.52秒, 预计剩余: 0.14秒
2025-11-30 23:10:38,731 - INFO - 订单处理完成，耗时88.74秒
2025-11-30 23:10:38,731 - INFO - 处理订单数: 83973, 错误数: 0
2025-11-30 23:10:38,732 - INFO - 轨迹段总数: 366255, 总里程: 113054161.71米
2025-11-30 23:10:38,745 - INFO - 开始保存晚高峰结果...
2025-11-30 23:10:38,754 - INFO - CSV结果已保存到: D:\Desktop\项目论文\网格轨迹段汇总\晚高峰_grid_trajectory_stats.csv
2025-11-30 23:10:38,873 - INFO - Created 3,150 records
2025-11-30 23:10:38,903 - INFO - Shapefile结果已保存到: D:\Desktop\项目论文\网格轨迹段汇总\晚高峰_grid_trajectory_stats.shp
2025-11-30 23:10:39,208 - INFO - Created 3,150 records
2025-11-30 23:10:39,209 - INFO - GeoJSON结果已保存到: D:\Desktop\项目论文\网格轨迹段汇总\晚高峰_grid_trajectory_stats.geojson
2025-11-30 23:10:39,209 - INFO - 晚高峰数据分析耗时: 89.22 秒
2025-11-30 23:10:39,210 - INFO - ===== 分析完成 =====
2025-11-30 23:10:39,210 - INFO - 总耗时: 178.31 秒
2025-11-30 23:10:39,210 - INFO - 所有分析结果已保存到: D:\Desktop\项目论文\网格轨迹段汇总
2025-11-30 23:14:56,064 - INFO - 初始化网格轨迹分析器...
2025-11-30 23:14:56,067 - INFO - 使用8个工作线程执行分析
2025-11-30 23:14:56,068 - INFO - 开始加载数据...
2025-11-30 23:14:56,276 - INFO - 成功加载渔网数据，包含 3150 个网格
2025-11-30 23:14:56,277 - WARNING - 渔网数据中未找到'id'列，将创建默认ID
2025-11-30 23:14:56,280 - INFO - 创建网格空间索引...
2025-11-30 23:14:56,281 - INFO - 网格空间索引创建完成
2025-11-30 23:14:56,778 - INFO - 成功加载早高峰订单数据，包含 79522 条记录
2025-11-30 23:14:57,310 - INFO - 成功加载晚高峰订单数据，包含 83973 条记录
2025-11-30 23:14:57,310 - INFO - 数据加载完成
2025-11-30 23:14:57,311 - INFO - 开始坐标转换...
2025-11-30 23:14:57,330 - INFO - 直接使用订单数据中的投影坐标
2025-11-30 23:14:57,330 - INFO - 坐标转换完成
2025-11-30 23:14:57,330 - INFO - ===== 开始分析早高峰数据 =====
2025-11-30 23:14:57,330 - INFO - 开始并行处理 79522 条订单，使用8个进程...
2025-11-30 23:14:57,331 - INFO - 数据分割完成，共161个批次，每批次约497个订单
2025-11-30 23:15:02,882 - INFO - 进度: 3976/79522 (5.0%), 已耗时: 5.55秒, 预计剩余: 105.47秒
2025-11-30 23:15:06,904 - INFO - 进度: 7952/79522 (10.0%), 已耗时: 9.57秒, 预计剩余: 86.17秒
2025-11-30 23:15:11,090 - INFO - 进度: 11928/79522 (15.0%), 已耗时: 13.76秒, 预计剩余: 77.97秒
2025-11-30 23:15:15,382 - INFO - 进度: 15904/79522 (20.0%), 已耗时: 18.05秒, 预计剩余: 72.21秒
2025-11-30 23:15:19,634 - INFO - 进度: 19880/79522 (25.0%), 已耗时: 22.30秒, 预计剩余: 66.91秒
2025-11-30 23:15:23,938 - INFO - 进度: 23856/79522 (30.0%), 已耗时: 26.61秒, 预计剩余: 62.09秒
2025-11-30 23:15:28,319 - INFO - 进度: 27832/79522 (35.0%), 已耗时: 30.99秒, 预计剩余: 57.55秒
2025-11-30 23:15:32,957 - INFO - 进度: 31808/79522 (40.0%), 已耗时: 35.63秒, 预计剩余: 53.44秒
2025-11-30 23:15:36,710 - INFO - 进度: 35784/79522 (45.0%), 已耗时: 39.38秒, 预计剩余: 48.13秒
2025-11-30 23:15:41,022 - INFO - 进度: 39760/79522 (50.0%), 已耗时: 43.69秒, 预计剩余: 43.69秒
2025-11-30 23:15:45,470 - INFO - 进度: 43736/79522 (55.0%), 已耗时: 48.14秒, 预计剩余: 39.39秒
2025-11-30 23:15:49,773 - INFO - 进度: 47712/79522 (60.0%), 已耗时: 52.44秒, 预计剩余: 34.96秒
2025-11-30 23:15:54,015 - INFO - 进度: 51688/79522 (65.0%), 已耗时: 56.68秒, 预计剩余: 30.52秒
2025-11-30 23:15:58,148 - INFO - 进度: 55664/79522 (70.0%), 已耗时: 60.82秒, 预计剩余: 26.07秒
2025-11-30 23:16:02,395 - INFO - 进度: 59640/79522 (75.0%), 已耗时: 65.06秒, 预计剩余: 21.69秒
2025-11-30 23:16:06,633 - INFO - 进度: 63616/79522 (80.0%), 已耗时: 69.30秒, 预计剩余: 17.33秒
2025-11-30 23:16:10,801 - INFO - 进度: 67592/79522 (85.0%), 已耗时: 73.47秒, 预计剩余: 12.97秒
2025-11-30 23:16:15,136 - INFO - 进度: 71568/79522 (90.0%), 已耗时: 77.80秒, 预计剩余: 8.65秒
2025-11-30 23:16:19,413 - INFO - 进度: 75544/79522 (95.0%), 已耗时: 82.08秒, 预计剩余: 4.32秒
2025-11-30 23:16:23,480 - INFO - 进度: 79522/79522 (100.0%), 已耗时: 86.15秒, 预计剩余: 0.00秒
2025-11-30 23:16:24,030 - INFO - 进度: 79520/79522 (100.0%), 已耗时: 86.70秒, 预计剩余: 0.00秒
2025-11-30 23:16:24,246 - INFO - 订单处理完成，耗时86.92秒
2025-11-30 23:16:24,247 - INFO - 处理订单数: 79522, 错误数: 0
2025-11-30 23:16:24,247 - INFO - 轨迹段总数: 332547, 总里程: 101258376.04米
2025-11-30 23:16:24,260 - INFO - 开始保存早高峰结果...
2025-11-30 23:16:24,363 - INFO - CSV结果已保存到: D:\Desktop\项目论文\网格轨迹段汇总\早高峰_grid_trajectory_stats.csv
2025-11-30 23:16:24,364 - INFO - 共包含 3150 个网格记录
2025-11-30 23:16:24,467 - INFO - Created 3,150 records
2025-11-30 23:16:24,468 - INFO - Shapefile结果已保存到: D:\Desktop\项目论文\网格轨迹段汇总\早高峰_grid_trajectory_stats.shp
2025-11-30 23:16:24,793 - INFO - Created 3,150 records
2025-11-30 23:16:24,794 - INFO - GeoJSON结果已保存到: D:\Desktop\项目论文\网格轨迹段汇总\早高峰_grid_trajectory_stats.geojson
2025-11-30 23:16:24,794 - INFO - 有轨迹经过的网格数量: 2037/3150
2025-11-30 23:16:24,795 - INFO - 早高峰数据分析耗时: 87.46 秒
2025-11-30 23:16:24,795 - INFO - ===== 开始分析晚高峰数据 =====
2025-11-30 23:16:24,795 - INFO - 开始并行处理 83973 条订单，使用8个进程...
2025-11-30 23:16:24,796 - INFO - 数据分割完成，共161个批次，每批次约524个订单
2025-11-30 23:16:30,500 - INFO - 进度: 4192/83973 (5.0%), 已耗时: 5.70秒, 预计剩余: 108.57秒
2025-11-30 23:16:34,773 - INFO - 进度: 8384/83973 (10.0%), 已耗时: 9.98秒, 预计剩余: 89.96秒
2025-11-30 23:16:39,203 - INFO - 进度: 12576/83973 (15.0%), 已耗时: 14.41秒, 预计剩余: 81.79秒
2025-11-30 23:16:43,570 - INFO - 进度: 16768/83973 (20.0%), 已耗时: 18.77秒, 预计剩余: 75.25秒
2025-11-30 23:16:48,537 - INFO - 进度: 20960/83973 (25.0%), 已耗时: 23.74秒, 预计剩余: 71.37秒
2025-11-30 23:16:52,388 - INFO - 进度: 25152/83973 (30.0%), 已耗时: 27.59秒, 预计剩余: 64.53秒
2025-11-30 23:16:56,564 - INFO - 进度: 29344/83973 (34.9%), 已耗时: 31.77秒, 预计剩余: 59.14秒
2025-11-30 23:17:01,492 - INFO - 进度: 33536/83973 (39.9%), 已耗时: 36.70秒, 预计剩余: 55.19秒
2025-11-30 23:17:05,113 - INFO - 进度: 37728/83973 (44.9%), 已耗时: 40.32秒, 预计剩余: 49.42秒
2025-11-30 23:17:09,998 - INFO - 进度: 41920/83973 (49.9%), 已耗时: 45.20秒, 预计剩余: 45.35秒
2025-11-30 23:17:14,258 - INFO - 进度: 46112/83973 (54.9%), 已耗时: 49.46秒, 预计剩余: 40.61秒
2025-11-30 23:17:18,236 - INFO - 进度: 50304/83973 (59.9%), 已耗时: 53.44秒, 预计剩余: 35.77秒
2025-11-30 23:17:22,730 - INFO - 进度: 54496/83973 (64.9%), 已耗时: 57.93秒, 预计剩余: 31.34秒
2025-11-30 23:17:27,234 - INFO - 进度: 58688/83973 (69.9%), 已耗时: 62.44秒, 预计剩余: 26.90秒
2025-11-30 23:17:32,366 - INFO - 进度: 62880/83973 (74.9%), 已耗时: 67.57秒, 预计剩余: 22.67秒
2025-11-30 23:17:32,854 - INFO - 初始化网格轨迹分析器...
2025-11-30 23:17:32,857 - INFO - 使用8个工作线程执行分析
2025-11-30 23:17:32,858 - INFO - 开始加载数据...
2025-11-30 23:17:33,128 - INFO - 成功加载渔网数据，包含 3150 个网格
2025-11-30 23:17:33,129 - WARNING - 渔网数据中未找到'id'列，将创建默认ID
2025-11-30 23:17:33,131 - INFO - 创建网格空间索引...
2025-11-30 23:17:33,133 - INFO - 网格空间索引创建完成
2025-11-30 23:17:33,745 - INFO - 成功加载早高峰订单数据，包含 79522 条记录
2025-11-30 23:17:34,425 - INFO - 成功加载晚高峰订单数据，包含 83973 条记录
2025-11-30 23:17:34,426 - INFO - 数据加载完成
2025-11-30 23:17:34,426 - INFO - 开始坐标转换...
2025-11-30 23:17:34,445 - INFO - 直接使用订单数据中的投影坐标
2025-11-30 23:17:34,446 - INFO - 坐标转换完成
2025-11-30 23:17:34,446 - INFO - ===== 开始分析早高峰数据 =====
2025-11-30 23:17:34,446 - INFO - 开始并行处理 79522 条订单，使用8个进程...
2025-11-30 23:17:34,446 - INFO - 数据分割完成，共161个批次，每批次约497个订单
2025-11-30 23:17:37,684 - INFO - 进度: 67072/83973 (79.9%), 已耗时: 72.89秒, 预计剩余: 18.37秒
2025-11-30 23:17:41,631 - INFO - 进度: 3976/79522 (5.0%), 已耗时: 7.18秒, 预计剩余: 136.51秒
2025-11-30 23:17:42,390 - INFO - 进度: 71264/83973 (84.9%), 已耗时: 77.59秒, 预计剩余: 13.84秒
2025-11-30 23:17:46,918 - INFO - 进度: 7952/79522 (10.0%), 已耗时: 12.47秒, 预计剩余: 112.25秒
2025-11-30 23:17:47,783 - INFO - 进度: 75456/83973 (89.9%), 已耗时: 82.99秒, 预计剩余: 9.37秒
2025-11-30 23:17:52,477 - INFO - 进度: 11928/79522 (15.0%), 已耗时: 18.03秒, 预计剩余: 102.18秒
2025-11-30 23:17:53,949 - INFO - 进度: 79648/83973 (94.8%), 已耗时: 89.15秒, 预计剩余: 4.84秒
2025-11-30 23:17:57,962 - INFO - 进度: 15904/79522 (20.0%), 已耗时: 23.52秒, 预计剩余: 94.06秒
2025-11-30 23:17:58,660 - INFO - 进度: 83973/83973 (100.0%), 已耗时: 93.86秒, 预计剩余: 0.00秒
2025-11-30 23:17:59,058 - INFO - 进度: 83840/83973 (99.8%), 已耗时: 94.26秒, 预计剩余: 0.15秒
2025-11-30 23:17:59,296 - INFO - 订单处理完成，耗时94.50秒
2025-11-30 23:17:59,296 - INFO - 处理订单数: 83973, 错误数: 0
2025-11-30 23:17:59,296 - INFO - 轨迹段总数: 366255, 总里程: 113054161.71米
2025-11-30 23:17:59,315 - INFO - 开始保存晚高峰结果...
2025-11-30 23:17:59,468 - INFO - CSV结果已保存到: D:\Desktop\项目论文\网格轨迹段汇总\晚高峰_grid_trajectory_stats.csv
2025-11-30 23:17:59,468 - INFO - 共包含 3150 个网格记录
2025-11-30 23:17:59,554 - INFO - Created 3,150 records
2025-11-30 23:17:59,555 - INFO - Shapefile结果已保存到: D:\Desktop\项目论文\网格轨迹段汇总\晚高峰_grid_trajectory_stats.shp
2025-11-30 23:17:59,938 - INFO - Created 3,150 records
2025-11-30 23:17:59,938 - INFO - GeoJSON结果已保存到: D:\Desktop\项目论文\网格轨迹段汇总\晚高峰_grid_trajectory_stats.geojson
2025-11-30 23:17:59,939 - INFO - 有轨迹经过的网格数量: 2112/3150
2025-11-30 23:17:59,939 - INFO - 晚高峰数据分析耗时: 95.14 秒
2025-11-30 23:17:59,940 - INFO - ===== 分析完成 =====
2025-11-30 23:17:59,940 - INFO - 总耗时: 182.61 秒
2025-11-30 23:17:59,940 - INFO - 所有分析结果已保存到: D:\Desktop\项目论文\网格轨迹段汇总
2025-11-30 23:18:03,241 - INFO - 进度: 19880/79522 (25.0%), 已耗时: 28.79秒, 预计剩余: 86.39秒
2025-11-30 23:18:07,145 - INFO - 进度: 23856/79522 (30.0%), 已耗时: 32.70秒, 预计剩余: 76.30秒
2025-11-30 23:18:11,507 - INFO - 进度: 27832/79522 (35.0%), 已耗时: 37.06秒, 预计剩余: 68.83秒
2025-11-30 23:18:15,733 - INFO - 进度: 31808/79522 (40.0%), 已耗时: 41.29秒, 预计剩余: 61.93秒
2025-11-30 23:18:20,055 - INFO - 进度: 35784/79522 (45.0%), 已耗时: 45.61秒, 预计剩余: 55.75秒
2025-11-30 23:18:24,389 - INFO - 进度: 39760/79522 (50.0%), 已耗时: 49.94秒, 预计剩余: 49.95秒
2025-11-30 23:18:28,776 - INFO - 进度: 43736/79522 (55.0%), 已耗时: 54.33秒, 预计剩余: 44.45秒
2025-11-30 23:18:33,126 - INFO - 进度: 47712/79522 (60.0%), 已耗时: 58.68秒, 预计剩余: 39.12秒
2025-11-30 23:18:37,500 - INFO - 进度: 51688/79522 (65.0%), 已耗时: 63.05秒, 预计剩余: 33.95秒
2025-11-30 23:18:41,759 - INFO - 进度: 55664/79522 (70.0%), 已耗时: 67.31秒, 预计剩余: 28.85秒
2025-11-30 23:18:46,027 - INFO - 进度: 59640/79522 (75.0%), 已耗时: 71.58秒, 预计剩余: 23.86秒
2025-11-30 23:18:50,330 - INFO - 进度: 63616/79522 (80.0%), 已耗时: 75.88秒, 预计剩余: 18.97秒
2025-11-30 23:18:54,835 - INFO - 进度: 67592/79522 (85.0%), 已耗时: 80.39秒, 预计剩余: 14.19秒
2025-11-30 23:18:59,154 - INFO - 进度: 71568/79522 (90.0%), 已耗时: 84.71秒, 预计剩余: 9.41秒
2025-11-30 23:19:03,959 - INFO - 进度: 75544/79522 (95.0%), 已耗时: 89.51秒, 预计剩余: 4.71秒
2025-11-30 23:19:07,446 - INFO - 进度: 79522/79522 (100.0%), 已耗时: 93.00秒, 预计剩余: 0.00秒
2025-11-30 23:19:07,867 - INFO - 进度: 79520/79522 (100.0%), 已耗时: 93.42秒, 预计剩余: 0.00秒
2025-11-30 23:19:08,081 - INFO - 订单处理完成，耗时93.63秒
2025-11-30 23:19:08,081 - INFO - 处理订单数: 79522, 错误数: 0
2025-11-30 23:19:08,082 - INFO - 轨迹段总数: 332547, 总里程: 101258376.04米
2025-11-30 23:19:08,092 - INFO - 开始保存早高峰结果...
2025-11-30 23:19:08,188 - INFO - CSV结果已保存到: D:\Desktop\项目论文\网格轨迹段汇总\早高峰_grid_trajectory_stats.csv
2025-11-30 23:19:08,189 - INFO - 共包含 3150 个网格记录
2025-11-30 23:19:08,263 - INFO - Created 3,150 records
2025-11-30 23:19:08,264 - INFO - Shapefile结果已保存到: D:\Desktop\项目论文\网格轨迹段汇总\早高峰_grid_trajectory_stats.shp
2025-11-30 23:19:08,542 - INFO - Created 3,150 records
2025-11-30 23:19:08,543 - INFO - GeoJSON结果已保存到: D:\Desktop\项目论文\网格轨迹段汇总\早高峰_grid_trajectory_stats.geojson
2025-11-30 23:19:08,544 - INFO - 有轨迹经过的网格数量: 2037/3150
2025-11-30 23:19:08,545 - INFO - 早高峰数据分析耗时: 94.10 秒
2025-11-30 23:19:08,545 - INFO - ===== 开始分析晚高峰数据 =====
2025-11-30 23:19:08,545 - INFO - 开始并行处理 83973 条订单，使用8个进程...
2025-11-30 23:19:08,545 - INFO - 数据分割完成，共161个批次，每批次约524个订单
2025-11-30 23:19:14,266 - INFO - 进度: 4192/83973 (5.0%), 已耗时: 5.72秒, 预计剩余: 108.88秒
2025-11-30 23:19:18,772 - INFO - 进度: 8384/83973 (10.0%), 已耗时: 10.23秒, 预计剩余: 92.20秒
2025-11-30 23:19:23,777 - INFO - 进度: 12576/83973 (15.0%), 已耗时: 15.23秒, 预计剩余: 86.47秒
2025-11-30 23:19:27,684 - INFO - 进度: 16768/83973 (20.0%), 已耗时: 19.14秒, 预计剩余: 76.71秒
2025-11-30 23:19:32,542 - INFO - 进度: 20960/83973 (25.0%), 已耗时: 24.00秒, 预计剩余: 72.14秒
2025-11-30 23:19:36,384 - INFO - 进度: 25152/83973 (30.0%), 已耗时: 27.84秒, 预计剩余: 65.11秒
2025-11-30 23:19:41,353 - INFO - 进度: 29344/83973 (34.9%), 已耗时: 32.81秒, 预计剩余: 61.08秒
2025-11-30 23:19:45,700 - INFO - 进度: 33536/83973 (39.9%), 已耗时: 37.15秒, 预计剩余: 55.88秒
2025-11-30 23:19:50,028 - INFO - 进度: 37728/83973 (44.9%), 已耗时: 41.48秒, 预计剩余: 50.85秒
2025-11-30 23:19:54,498 - INFO - 进度: 41920/83973 (49.9%), 已耗时: 45.95秒, 预计剩余: 46.10秒
2025-11-30 23:19:58,809 - INFO - 进度: 46112/83973 (54.9%), 已耗时: 50.26秒, 预计剩余: 41.27秒
2025-11-30 23:20:03,167 - INFO - 进度: 50304/83973 (59.9%), 已耗时: 54.62秒, 预计剩余: 36.56秒
2025-11-30 23:20:06,994 - INFO - 进度: 54496/83973 (64.9%), 已耗时: 58.45秒, 预计剩余: 31.61秒
2025-11-30 23:20:11,832 - INFO - 进度: 58688/83973 (69.9%), 已耗时: 63.29秒, 预计剩余: 27.27秒
2025-11-30 23:20:15,629 - INFO - 进度: 62880/83973 (74.9%), 已耗时: 67.08秒, 预计剩余: 22.50秒
2025-11-30 23:20:19,907 - INFO - 进度: 67072/83973 (79.9%), 已耗时: 71.36秒, 预计剩余: 17.98秒
2025-11-30 23:20:24,186 - INFO - 进度: 71264/83973 (84.9%), 已耗时: 75.64秒, 预计剩余: 13.49秒
2025-11-30 23:20:28,567 - INFO - 进度: 75456/83973 (89.9%), 已耗时: 80.02秒, 预计剩余: 9.03秒
2025-11-30 23:20:32,856 - INFO - 进度: 79648/83973 (94.8%), 已耗时: 84.31秒, 预计剩余: 4.58秒
2025-11-30 23:20:37,177 - INFO - 进度: 83973/83973 (100.0%), 已耗时: 88.63秒, 预计剩余: 0.00秒
2025-11-30 23:20:37,516 - INFO - 进度: 83840/83973 (99.8%), 已耗时: 88.97秒, 预计剩余: 0.14秒
2025-11-30 23:20:37,728 - INFO - 订单处理完成，耗时89.18秒
2025-11-30 23:20:37,728 - INFO - 处理订单数: 83973, 错误数: 0
2025-11-30 23:20:37,728 - INFO - 轨迹段总数: 366255, 总里程: 113054161.71米
2025-11-30 23:20:37,742 - INFO - 开始保存晚高峰结果...
2025-11-30 23:20:37,837 - INFO - CSV结果已保存到: D:\Desktop\项目论文\网格轨迹段汇总\晚高峰_grid_trajectory_stats.csv
2025-11-30 23:20:37,837 - INFO - 共包含 3150 个网格记录
2025-11-30 23:20:37,934 - INFO - Created 3,150 records
2025-11-30 23:20:37,935 - INFO - Shapefile结果已保存到: D:\Desktop\项目论文\网格轨迹段汇总\晚高峰_grid_trajectory_stats.shp
2025-11-30 23:20:38,253 - INFO - Created 3,150 records
2025-11-30 23:20:38,254 - INFO - GeoJSON结果已保存到: D:\Desktop\项目论文\网格轨迹段汇总\晚高峰_grid_trajectory_stats.geojson
2025-11-30 23:20:38,254 - INFO - 有轨迹经过的网格数量: 2112/3150
2025-11-30 23:20:38,255 - INFO - 晚高峰数据分析耗时: 89.71 秒
2025-11-30 23:20:38,255 - INFO - ===== 分析完成 =====
2025-11-30 23:20:38,255 - INFO - 总耗时: 183.81 秒
2025-11-30 23:20:38,256 - INFO - 所有分析结果已保存到: D:\Desktop\项目论文\网格轨迹段汇总
